[MASTER] 23:13:32.870 [pool-2-thread-1] ERROR ConcreteClassAnalyzer - Problem for ru.innopolis.lips.memvit.ConfigurationDelegate. Class not found: org.eclipse.debug.internal.core.LaunchConfiguration
java.lang.ClassNotFoundException: java.lang.NullPointerException: Class not found org/eclipse/core/runtime/jobs/ISchedulingRule
	at org.evosuite.instrumentation.InstrumentingClassLoader.instrumentClass(InstrumentingClassLoader.java:199) ~[evosuite-master-1.0.3.jar:1.0.3]
	at org.evosuite.instrumentation.InstrumentingClassLoader.loadClass(InstrumentingClassLoader.java:166) ~[evosuite-master-1.0.3.jar:1.0.3]
	at java.lang.Class.forName0(Native Method) ~[na:1.8.0_121]
	at java.lang.Class.forName(Class.java:348) ~[na:1.8.0_121]
	at org.evosuite.setup.ConcreteClassAnalyzer.getConcreteClassesImpl(ConcreteClassAnalyzer.java:107) [evosuite-master-1.0.3.jar:1.0.3]
	at org.evosuite.setup.ConcreteClassAnalyzer.getConcreteClasses(ConcreteClassAnalyzer.java:42) [evosuite-master-1.0.3.jar:1.0.3]
	at org.evosuite.setup.TestClusterGenerator.addDependency(TestClusterGenerator.java:802) [evosuite-master-1.0.3.jar:1.0.3]
	at org.evosuite.setup.TestClusterGenerator.addDependencies(TestClusterGenerator.java:711) [evosuite-master-1.0.3.jar:1.0.3]
	at org.evosuite.setup.TestClusterGenerator.initializeTargetMethods(TestClusterGenerator.java:517) [evosuite-master-1.0.3.jar:1.0.3]
	at org.evosuite.setup.TestClusterGenerator.generateCluster(TestClusterGenerator.java:135) [evosuite-master-1.0.3.jar:1.0.3]
	at org.evosuite.setup.DependencyAnalysis.analyze(DependencyAnalysis.java:117) [evosuite-master-1.0.3.jar:1.0.3]
	at org.evosuite.setup.DependencyAnalysis.analyzeClass(DependencyAnalysis.java:131) [evosuite-master-1.0.3.jar:1.0.3]
	at org.evosuite.TestSuiteGenerator.generateTestSuite(TestSuiteGenerator.java:110) [evosuite-master-1.0.3.jar:1.0.3]
	at org.evosuite.rmi.service.ClientNodeImpl$1.run(ClientNodeImpl.java:145) [evosuite-master-1.0.3.jar:1.0.3]
	at java.util.concurrent.Executors$RunnableAdapter.call(Executors.java:511) [na:1.8.0_121]
	at java.util.concurrent.FutureTask.run(FutureTask.java:266) [na:1.8.0_121]
	at java.util.concurrent.ThreadPoolExecutor.runWorker(ThreadPoolExecutor.java:1142) [na:1.8.0_121]
	at java.util.concurrent.ThreadPoolExecutor$Worker.run(ThreadPoolExecutor.java:617) [na:1.8.0_121]
	at java.lang.Thread.run(Thread.java:745) [na:1.8.0_121]
Caused by: java.lang.RuntimeException: java.lang.NullPointerException: Class not found org/eclipse/core/runtime/jobs/ISchedulingRule
	at org.evosuite.runtime.util.ComputeClassWriter.getCommonSuperClass(ComputeClassWriter.java:106) ~[evosuite-standalone-runtime-1.0.3.jar:1.0.3]
	at org.evosuite.shaded.org.objectweb.asm.ClassWriter.a(Unknown Source) ~[evosuite-standalone-runtime-1.0.3.jar:1.0.3]
	at org.evosuite.shaded.org.objectweb.asm.Frame.a(Unknown Source) ~[evosuite-standalone-runtime-1.0.3.jar:1.0.3]
	at org.evosuite.shaded.org.objectweb.asm.Frame.a(Unknown Source) ~[evosuite-standalone-runtime-1.0.3.jar:1.0.3]
	at org.evosuite.shaded.org.objectweb.asm.MethodWriter.visitMaxs(Unknown Source) ~[evosuite-standalone-runtime-1.0.3.jar:1.0.3]
	at org.evosuite.shaded.org.objectweb.asm.MethodVisitor.visitMaxs(Unknown Source) ~[evosuite-standalone-runtime-1.0.3.jar:1.0.3]
	at org.evosuite.shaded.org.objectweb.asm.MethodVisitor.visitMaxs(Unknown Source) ~[evosuite-standalone-runtime-1.0.3.jar:1.0.3]
	at org.evosuite.shaded.org.objectweb.asm.MethodVisitor.visitMaxs(Unknown Source) ~[evosuite-standalone-runtime-1.0.3.jar:1.0.3]
	at org.evosuite.runtime.instrumentation.LoopCounterMethodAdapter.visitMaxs(LoopCounterMethodAdapter.java:48) ~[evosuite-standalone-runtime-1.0.3.jar:1.0.3]
	at org.evosuite.shaded.org.objectweb.asm.tree.MethodNode.accept(Unknown Source) ~[evosuite-standalone-runtime-1.0.3.jar:1.0.3]
	at org.evosuite.shaded.org.objectweb.asm.commons.JSRInlinerAdapter.visitEnd(Unknown Source) ~[evosuite-standalone-runtime-1.0.3.jar:1.0.3]
	at org.evosuite.shaded.org.objectweb.asm.MethodVisitor.visitEnd(Unknown Source) ~[evosuite-standalone-runtime-1.0.3.jar:1.0.3]
	at org.evosuite.shaded.org.objectweb.asm.MethodVisitor.visitEnd(Unknown Source) ~[evosuite-standalone-runtime-1.0.3.jar:1.0.3]
	at org.evosuite.shaded.org.objectweb.asm.MethodVisitor.visitEnd(Unknown Source) ~[evosuite-standalone-runtime-1.0.3.jar:1.0.3]
	at org.evosuite.shaded.org.objectweb.asm.ClassReader.b(Unknown Source) ~[evosuite-standalone-runtime-1.0.3.jar:1.0.3]
	at org.evosuite.shaded.org.objectweb.asm.ClassReader.accept(Unknown Source) ~[evosuite-standalone-runtime-1.0.3.jar:1.0.3]
	at org.evosuite.shaded.org.objectweb.asm.ClassReader.accept(Unknown Source) ~[evosuite-standalone-runtime-1.0.3.jar:1.0.3]
	at org.evosuite.instrumentation.BytecodeInstrumentation.transformBytes(BytecodeInstrumentation.java:280) ~[evosuite-master-1.0.3.jar:1.0.3]
	at org.evosuite.instrumentation.InstrumentingClassLoader.getTransformedBytes(InstrumentingClassLoader.java:173) ~[evosuite-master-1.0.3.jar:1.0.3]
	at org.evosuite.instrumentation.InstrumentingClassLoader.instrumentClass(InstrumentingClassLoader.java:190) ~[evosuite-master-1.0.3.jar:1.0.3]
	... 18 common frames omitted
[MASTER] 23:13:32.872 [pool-2-thread-1] ERROR ConcreteClassAnalyzer - Removing class from inheritance tree
[MASTER] 23:13:32.893 [pool-2-thread-1] ERROR ConcreteClassAnalyzer - Problem for ru.innopolis.lips.memvit.ConfigurationDelegate. Class not found: org.eclipse.debug.internal.core.LaunchConfigurationWorkingCopy
java.lang.ClassNotFoundException: Class not found: org/eclipse/core/filesystem/IFileStore: java.lang.NullPointerException: Class not found org/eclipse/core/filesystem/IFileStore
	at org.evosuite.instrumentation.InstrumentingClassLoader.instrumentClass(InstrumentingClassLoader.java:199) ~[evosuite-master-1.0.3.jar:1.0.3]
	at org.evosuite.instrumentation.InstrumentingClassLoader.loadClass(InstrumentingClassLoader.java:166) ~[evosuite-master-1.0.3.jar:1.0.3]
	at java.lang.Class.forName0(Native Method) ~[na:1.8.0_121]
	at java.lang.Class.forName(Class.java:348) ~[na:1.8.0_121]
	at org.evosuite.setup.ConcreteClassAnalyzer.getConcreteClassesImpl(ConcreteClassAnalyzer.java:107) [evosuite-master-1.0.3.jar:1.0.3]
	at org.evosuite.setup.ConcreteClassAnalyzer.getConcreteClasses(ConcreteClassAnalyzer.java:42) [evosuite-master-1.0.3.jar:1.0.3]
	at org.evosuite.setup.TestClusterGenerator.addDependency(TestClusterGenerator.java:802) [evosuite-master-1.0.3.jar:1.0.3]
	at org.evosuite.setup.TestClusterGenerator.addDependencies(TestClusterGenerator.java:711) [evosuite-master-1.0.3.jar:1.0.3]
	at org.evosuite.setup.TestClusterGenerator.initializeTargetMethods(TestClusterGenerator.java:517) [evosuite-master-1.0.3.jar:1.0.3]
	at org.evosuite.setup.TestClusterGenerator.generateCluster(TestClusterGenerator.java:135) [evosuite-master-1.0.3.jar:1.0.3]
	at org.evosuite.setup.DependencyAnalysis.analyze(DependencyAnalysis.java:117) [evosuite-master-1.0.3.jar:1.0.3]
	at org.evosuite.setup.DependencyAnalysis.analyzeClass(DependencyAnalysis.java:131) [evosuite-master-1.0.3.jar:1.0.3]
	at org.evosuite.TestSuiteGenerator.generateTestSuite(TestSuiteGenerator.java:110) [evosuite-master-1.0.3.jar:1.0.3]
	at org.evosuite.rmi.service.ClientNodeImpl$1.run(ClientNodeImpl.java:145) [evosuite-master-1.0.3.jar:1.0.3]
	at java.util.concurrent.Executors$RunnableAdapter.call(Executors.java:511) [na:1.8.0_121]
	at java.util.concurrent.FutureTask.run(FutureTask.java:266) [na:1.8.0_121]
	at java.util.concurrent.ThreadPoolExecutor.runWorker(ThreadPoolExecutor.java:1142) [na:1.8.0_121]
	at java.util.concurrent.ThreadPoolExecutor$Worker.run(ThreadPoolExecutor.java:617) [na:1.8.0_121]
	at java.lang.Thread.run(Thread.java:745) [na:1.8.0_121]
Caused by: java.lang.RuntimeException: Class not found: org/eclipse/core/filesystem/IFileStore: java.lang.NullPointerException: Class not found org/eclipse/core/filesystem/IFileStore
	at org.evosuite.runtime.util.ComputeClassWriter.getCommonSuperClass(ComputeClassWriter.java:52) ~[evosuite-standalone-runtime-1.0.3.jar:1.0.3]
	at org.evosuite.shaded.org.objectweb.asm.ClassWriter.a(Unknown Source) ~[evosuite-standalone-runtime-1.0.3.jar:1.0.3]
	at org.evosuite.shaded.org.objectweb.asm.Frame.a(Unknown Source) ~[evosuite-standalone-runtime-1.0.3.jar:1.0.3]
	at org.evosuite.shaded.org.objectweb.asm.Frame.a(Unknown Source) ~[evosuite-standalone-runtime-1.0.3.jar:1.0.3]
	at org.evosuite.shaded.org.objectweb.asm.MethodWriter.visitMaxs(Unknown Source) ~[evosuite-standalone-runtime-1.0.3.jar:1.0.3]
	at org.evosuite.shaded.org.objectweb.asm.MethodVisitor.visitMaxs(Unknown Source) ~[evosuite-standalone-runtime-1.0.3.jar:1.0.3]
	at org.evosuite.shaded.org.objectweb.asm.MethodVisitor.visitMaxs(Unknown Source) ~[evosuite-standalone-runtime-1.0.3.jar:1.0.3]
	at org.evosuite.shaded.org.objectweb.asm.MethodVisitor.visitMaxs(Unknown Source) ~[evosuite-standalone-runtime-1.0.3.jar:1.0.3]
	at org.evosuite.runtime.instrumentation.LoopCounterMethodAdapter.visitMaxs(LoopCounterMethodAdapter.java:48) ~[evosuite-standalone-runtime-1.0.3.jar:1.0.3]
	at org.evosuite.shaded.org.objectweb.asm.tree.MethodNode.accept(Unknown Source) ~[evosuite-standalone-runtime-1.0.3.jar:1.0.3]
	at org.evosuite.shaded.org.objectweb.asm.commons.JSRInlinerAdapter.visitEnd(Unknown Source) ~[evosuite-standalone-runtime-1.0.3.jar:1.0.3]
	at org.evosuite.shaded.org.objectweb.asm.MethodVisitor.visitEnd(Unknown Source) ~[evosuite-standalone-runtime-1.0.3.jar:1.0.3]
	at org.evosuite.shaded.org.objectweb.asm.MethodVisitor.visitEnd(Unknown Source) ~[evosuite-standalone-runtime-1.0.3.jar:1.0.3]
	at org.evosuite.shaded.org.objectweb.asm.MethodVisitor.visitEnd(Unknown Source) ~[evosuite-standalone-runtime-1.0.3.jar:1.0.3]
	at org.evosuite.shaded.org.objectweb.asm.ClassReader.b(Unknown Source) ~[evosuite-standalone-runtime-1.0.3.jar:1.0.3]
	at org.evosuite.shaded.org.objectweb.asm.ClassReader.accept(Unknown Source) ~[evosuite-standalone-runtime-1.0.3.jar:1.0.3]
	at org.evosuite.shaded.org.objectweb.asm.ClassReader.accept(Unknown Source) ~[evosuite-standalone-runtime-1.0.3.jar:1.0.3]
	at org.evosuite.instrumentation.BytecodeInstrumentation.transformBytes(BytecodeInstrumentation.java:280) ~[evosuite-master-1.0.3.jar:1.0.3]
	at org.evosuite.instrumentation.InstrumentingClassLoader.getTransformedBytes(InstrumentingClassLoader.java:173) ~[evosuite-master-1.0.3.jar:1.0.3]
	at org.evosuite.instrumentation.InstrumentingClassLoader.instrumentClass(InstrumentingClassLoader.java:190) ~[evosuite-master-1.0.3.jar:1.0.3]
	... 18 common frames omitted
Caused by: java.lang.NullPointerException: Class not found org/eclipse/core/filesystem/IFileStore
	at org.evosuite.runtime.util.ComputeClassWriter.typeInfo(ComputeClassWriter.java:186) ~[evosuite-standalone-runtime-1.0.3.jar:1.0.3]
	at org.evosuite.runtime.util.ComputeClassWriter.getCommonSuperClass(ComputeClassWriter.java:49) ~[evosuite-standalone-runtime-1.0.3.jar:1.0.3]
	... 37 common frames omitted
[MASTER] 23:13:32.893 [pool-2-thread-1] ERROR ConcreteClassAnalyzer - Removing class from inheritance tree
[MASTER] 23:13:32.901 [pool-2-thread-1] ERROR TestSuiteGenerator - Problem for ru.innopolis.lips.memvit.ConfigurationDelegate. Full stack:
java.lang.NoClassDefFoundError: [Lorg/eclipse/core/resources/IResource;
	at java.lang.Class.getDeclaredMethods0(Native Method) ~[na:1.8.0_121]
	at java.lang.Class.privateGetDeclaredMethods(Class.java:2701) ~[na:1.8.0_121]
	at java.lang.Class.privateGetPublicMethods(Class.java:2902) ~[na:1.8.0_121]
	at java.lang.Class.getMethods(Class.java:1615) ~[na:1.8.0_121]
	at org.evosuite.setup.TestClusterUtils.hasStaticGenerator(TestClusterUtils.java:239) ~[evosuite-master-1.0.3.jar:1.0.3]
	at org.evosuite.setup.ConcreteClassAnalyzer.getConcreteClassesImpl(ConcreteClassAnalyzer.java:148) ~[evosuite-master-1.0.3.jar:1.0.3]
	at org.evosuite.setup.ConcreteClassAnalyzer.getConcreteClasses(ConcreteClassAnalyzer.java:42) ~[evosuite-master-1.0.3.jar:1.0.3]
	at org.evosuite.setup.TestClusterGenerator.addDependency(TestClusterGenerator.java:802) ~[evosuite-master-1.0.3.jar:1.0.3]
	at org.evosuite.setup.TestClusterGenerator.addDependencies(TestClusterGenerator.java:711) ~[evosuite-master-1.0.3.jar:1.0.3]
	at org.evosuite.setup.TestClusterGenerator.initializeTargetMethods(TestClusterGenerator.java:517) ~[evosuite-master-1.0.3.jar:1.0.3]
	at org.evosuite.setup.TestClusterGenerator.generateCluster(TestClusterGenerator.java:135) ~[evosuite-master-1.0.3.jar:1.0.3]
	at org.evosuite.setup.DependencyAnalysis.analyze(DependencyAnalysis.java:117) ~[evosuite-master-1.0.3.jar:1.0.3]
	at org.evosuite.setup.DependencyAnalysis.analyzeClass(DependencyAnalysis.java:131) ~[evosuite-master-1.0.3.jar:1.0.3]
	at org.evosuite.TestSuiteGenerator.generateTestSuite(TestSuiteGenerator.java:110) ~[evosuite-master-1.0.3.jar:1.0.3]
	at org.evosuite.rmi.service.ClientNodeImpl$1.run(ClientNodeImpl.java:145) [evosuite-master-1.0.3.jar:1.0.3]
	at java.util.concurrent.Executors$RunnableAdapter.call(Executors.java:511) [na:1.8.0_121]
	at java.util.concurrent.FutureTask.run(FutureTask.java:266) [na:1.8.0_121]
	at java.util.concurrent.ThreadPoolExecutor.runWorker(ThreadPoolExecutor.java:1142) [na:1.8.0_121]
	at java.util.concurrent.ThreadPoolExecutor$Worker.run(ThreadPoolExecutor.java:617) [na:1.8.0_121]
	at java.lang.Thread.run(Thread.java:745) [na:1.8.0_121]
Caused by: java.lang.ClassNotFoundException: org/eclipse/core/runtime/jobs/ISchedulingRule
	at org.evosuite.instrumentation.InstrumentingClassLoader.instrumentClass(InstrumentingClassLoader.java:199) ~[evosuite-master-1.0.3.jar:1.0.3]
	at org.evosuite.instrumentation.InstrumentingClassLoader.loadClass(InstrumentingClassLoader.java:166) ~[evosuite-master-1.0.3.jar:1.0.3]
	... 20 common frames omitted
Caused by: java.lang.NoClassDefFoundError: org/eclipse/core/runtime/jobs/ISchedulingRule
	at java.lang.ClassLoader.defineClass1(Native Method) ~[na:1.8.0_121]
	at java.lang.ClassLoader.defineClass(ClassLoader.java:763) ~[na:1.8.0_121]
	at java.lang.ClassLoader.defineClass(ClassLoader.java:642) ~[na:1.8.0_121]
	at org.evosuite.instrumentation.InstrumentingClassLoader.instrumentClass(InstrumentingClassLoader.java:192) ~[evosuite-master-1.0.3.jar:1.0.3]
	... 21 common frames omitted
Caused by: java.lang.ClassNotFoundException: Class 'org/eclipse/core/runtime/jobs/ISchedulingRule.class' should be in target project, but could not be found!
	at org.evosuite.instrumentation.InstrumentingClassLoader.instrumentClass(InstrumentingClassLoader.java:199) ~[evosuite-master-1.0.3.jar:1.0.3]
	at org.evosuite.instrumentation.InstrumentingClassLoader.loadClass(InstrumentingClassLoader.java:166) ~[evosuite-master-1.0.3.jar:1.0.3]
	... 25 common frames omitted
Caused by: java.lang.ClassNotFoundException: Class 'org/eclipse/core/runtime/jobs/ISchedulingRule.class' should be in target project, but could not be found!
	at org.evosuite.instrumentation.InstrumentingClassLoader.instrumentClass(InstrumentingClassLoader.java:186) ~[evosuite-master-1.0.3.jar:1.0.3]
	... 26 common frames omitted
