* Starting client
* Connecting to master process on port 13132
* Analyzing classpath: 
  - /home/pavel/Projects/Luna/workspace-luna-git-2017/CMemvit/target/test-classes
  - /home/pavel/Projects/Luna/workspace-luna-git-2017/CMemvit/target/classes
  - /home/pavel/.m2/repository/junit/junit/4.12/junit-4.12.jar
  - /home/pavel/.m2/repository/org/hamcrest/hamcrest-core/1.3/hamcrest-core-1.3.jar
* Finished analyzing classpath
* Generating tests for class ru.innopolis.lips.memvit.utils.HtmlBuilder
* Test criteria:
  - Line Coverage
  - Branch Coverage
  - Exception
  - Mutation testing (weak)
  - Method-Output Coverage
  - Top-Level Method Coverage
  - No-Exception Top-Level Method Coverage
  - Context Branch Coverage
* Setting up search algorithm for whole suite generation
[MASTER] 00:15:36.840 [pool-2-thread-1] WARN  TestSuiteSerialization - Cannot load tests because file does not exist: /home/pavel/Projects/Luna/workspace-luna-git-2017/CMemvit/.evosuite/evosuite-seeds/ru.innopolis.lips.memvit.utils.HtmlBuilder.seed
* Total number of test goals: 
  - Line 60
  - Branch 31
  - Exception 0
  - MutationFactory 119
  - Output 6
  - Method 3
  - MethodNoException 3
  - CBranchFitnessFactory 31
* Using seed 1491167732910
* Starting evolution
* Search finished after 152s and 24 generations, 15894 statements, best individual has fitness: 14.476190476190476
* Writing sequences to pool
* Minimizing test suite
[MASTER] 00:18:35.647 [pool-2-thread-1] WARN  TestSuiteMinimizer - Minimization timeout. Roll back to original test suite
* Going to analyze the coverage criteria
* Coverage analysis for criterion LINE
* Coverage of criterion LINE: 92%
* Total number of goals: 60
* Number of covered goals: 55
* Coverage analysis for criterion BRANCH
* Coverage of criterion BRANCH: 97%
* Total number of goals: 31
* Number of covered goals: 30
* Coverage analysis for criterion EXCEPTION
* Coverage of criterion EXCEPTION: 100%
* Total number of goals: 6
* Number of covered goals: 6
* Coverage analysis for criterion WEAKMUTATION
* Coverage of criterion WEAKMUTATION: 93%
* Total number of goals: 119
* Number of covered goals: 111
* Coverage analysis for criterion OUTPUT
* Coverage of criterion OUTPUT: 33%
* Total number of goals: 6
* Number of covered goals: 2
* Coverage analysis for criterion METHOD
* Coverage of criterion METHOD: 100%
* Total number of goals: 3
* Number of covered goals: 3
* Coverage analysis for criterion METHODNOEXCEPTION
* Coverage of criterion METHODNOEXCEPTION: 100%
* Total number of goals: 3
* Number of covered goals: 3
* Coverage analysis for criterion CBRANCH
* Coverage of criterion CBRANCH: 97%
* Total number of goals: 31
* Number of covered goals: 30
* Generated 10 tests with total length 94
* Resulting test suite's coverage: 89% (average coverage for all fitness functions)
* Generating assertions
* Resulting test suite's mutation score: 21%
* Compiling and checking tests
* Writing JUnit test case 'HtmlBuilder_ESTest' to /home/pavel/Projects/Luna/workspace-luna-git-2017/CMemvit/.evosuite/tmp_2017_04_03_00_15_29/tests
* Done!

