* Starting client
* Connecting to master process on port 13793
* Analyzing classpath: 
  - /home/pavel/Projects/Luna/workspace-luna-git-2017/CMemvit/target/test-classes
  - /home/pavel/Projects/Luna/workspace-luna-git-2017/CMemvit/target/classes
  - /home/pavel/.m2/repository/junit/junit/4.12/junit-4.12.jar
  - /home/pavel/.m2/repository/org/hamcrest/hamcrest-core/1.3/hamcrest-core-1.3.jar
* Finished analyzing classpath
* Generating tests for class ru.innopolis.lips.memvit.utils.FileWriter2
* Test criteria:
  - Line Coverage
  - Branch Coverage
  - Exception
  - Mutation testing (weak)
  - Method-Output Coverage
  - Top-Level Method Coverage
  - No-Exception Top-Level Method Coverage
  - Context Branch Coverage
* Setting up search algorithm for whole suite generation
[MASTER] 00:20:45.767 [pool-2-thread-1] WARN  TestSuiteSerialization - Cannot load tests because file does not exist: /home/pavel/Projects/Luna/workspace-luna-git-2017/CMemvit/.evosuite/evosuite-seeds/ru.innopolis.lips.memvit.utils.FileWriter2.seed
* Total number of test goals: 
  - Line 26
  - Branch 8
  - Exception 0
  - MutationFactory 46
  - Output 0
  - Method 4
  - MethodNoException 4
  - CBranchFitnessFactory 8
* Using seed 1491168042193
* Starting evolution
* Search finished after 50s and 12 generations, 10494 statements, best individual has fitness: 0.8333333333333333
* Writing sequences to pool
* Minimizing test suite
[MASTER] 00:21:43.910 [pool-2-thread-1] WARN  TestSuiteMinimizer - Minimization timeout. Roll back to original test suite
* Going to analyze the coverage criteria
* Coverage analysis for criterion LINE
* Coverage of criterion LINE: 100%
* Total number of goals: 26
* Number of covered goals: 26
* Coverage analysis for criterion BRANCH
* Coverage of criterion BRANCH: 100%
* Total number of goals: 8
* Number of covered goals: 8
* Coverage analysis for criterion EXCEPTION
* Coverage of criterion EXCEPTION: 100%
* Total number of goals: 2
* Number of covered goals: 2
* Coverage analysis for criterion WEAKMUTATION
* Coverage of criterion WEAKMUTATION: 98%
* Total number of goals: 46
* Number of covered goals: 45
* Coverage analysis for criterion OUTPUT
* Coverage of criterion OUTPUT: 100% (no goals)
* Coverage analysis for criterion METHOD
* Coverage of criterion METHOD: 100%
* Total number of goals: 4
* Number of covered goals: 4
* Coverage analysis for criterion METHODNOEXCEPTION
* Coverage of criterion METHODNOEXCEPTION: 100%
* Total number of goals: 4
* Number of covered goals: 4
* Coverage analysis for criterion CBRANCH
* Coverage of criterion CBRANCH: 100%
* Total number of goals: 8
* Number of covered goals: 8
* Generated 7 tests with total length 44
* Resulting test suite's coverage: 100% (average coverage for all fitness functions)
* Generating assertions
* Resulting test suite's mutation score: 13%
* Compiling and checking tests
[MASTER] 00:21:51.670 [pool-2-thread-1] WARN  TimeController - Phase ASSERTION_GENERATION lasted too long, 0 seconds more than allowed.
* Permissions denied during test execution: 
  - java.io.FilePermission: 
         write /home/pavel/Projects/JSONs/CMemvit_14.02.2014_20-21-21-320.json: 1
* Writing JUnit test case 'FileWriter2_ESTest' to /home/pavel/Projects/Luna/workspace-luna-git-2017/CMemvit/.evosuite/tmp_2017_04_03_00_15_29/tests
* Done!

